[00:01:30] [Server thread/INFO] [ebwizardry]: Synchronising advancements for Kyoshi_JP
[00:02:15] [Server thread/INFO] [net.minecraft.server.dedicated.DedicatedServer]: bradumar16 has made the advancement [A Terrible Fortress]
[00:02:15] [Server thread/INFO] [ebwizardry]: Synchronising advancements for bradumar16
[00:04:06] [Server thread/INFO] [net.minecraft.server.dedicated.DedicatedServer]: Kyoshi_JP has made the advancement [A Terrible Fortress]
[00:04:06] [Server thread/INFO] [ebwizardry]: Synchronising advancements for Kyoshi_JP
[00:04:23] [Server thread/INFO] [ebwizardry]: Synchronising advancements for Kyoshi_JP
[00:04:23] [Server thread/INFO] [ebwizardry]: Synchronising advancements for Kyoshi_JP
[00:04:43] [Server thread/WARN] [FML]: Tinkers Alloying Addon loaded a new chunk [26, 47] in dimension -1 (the_nether) while populating chunk [27, 48], causing cascading worldgen lag.
[00:04:43] [Server thread/WARN] [FML]: Please report this to the mod's issue tracker. This log can be disabled in the Forge config.
[00:06:24] [Server thread/INFO] [net.minecraft.server.dedicated.DedicatedServer]: bradumar16 has made the advancement [Into Fire]
[00:06:24] [Server thread/INFO] [ebwizardry]: Synchronising advancements for bradumar16
[00:06:24] [Server thread/INFO] [ebwizardry]: Synchronising advancements for bradumar16
[00:06:24] [Server thread/INFO] [ebwizardry]: Synchronising advancements for bradumar16
[00:06:30] [Server thread/INFO] [net.minecraft.server.dedicated.DedicatedServer]: Kyoshi_JP has made the advancement [Into Fire]
[00:06:30] [Server thread/INFO] [ebwizardry]: Synchronising advancements for Kyoshi_JP
[00:06:30] [Server thread/INFO] [ebwizardry]: Synchronising advancements for Kyoshi_JP
[00:06:30] [Server thread/INFO] [ebwizardry]: Synchronising advancements for Kyoshi_JP
[00:11:23] [Server thread/INFO] [OpenMods]: openblocks.common.PlayerInventoryStore.onPlayerDeath(PlayerInventoryStore.java:304): Storing post-mortem inventory into /workspaces/minecraft1/servidor_minecraft/./world3/data/inventory-Kyoshi_JP-2025-05-25_00.11.23-death-0.dat. It can be restored with command '/ob_inventory restore Kyoshi_JP Kyoshi_JP-2025-05-25_00.11.23-death-0'
[00:11:23] [Server thread/INFO] [net.minecraft.server.dedicated.DedicatedServer]: Kyoshi_JP tried to swim in lava
[00:11:23] [Server thread/INFO] [tombstone]: The last known grave of Kyoshi_JP is at location [name:Last Grave, x:574, y:6, z:660] in the dimension -1
[00:11:24] [Server thread/INFO] [tombstone]: Kyoshi_JP has successfully been saved
[00:11:25] [Server thread/INFO] [ebwizardry]: Sending global donation perk settings to Kyoshi_JP
[00:11:36] [Server thread/INFO] [ebwizardry]: Sending global donation perk settings to Kyoshi_JP
[00:11:36] [Server thread/INFO] [ebwizardry]: Synchronising spell emitters for Kyoshi_JP
[00:12:33] [Server thread/INFO] [OpenMods]: openblocks.common.PlayerInventoryStore.onPlayerDeath(PlayerInventoryStore.java:304): Storing post-mortem inventory into /workspaces/minecraft1/servidor_minecraft/./world3/data/inventory-Kyoshi_JP-2025-05-25_00.12.33-death-0.dat. It can be restored with command '/ob_inventory restore Kyoshi_JP Kyoshi_JP-2025-05-25_00.12.33-death-0'
[00:12:33] [Server thread/INFO] [net.minecraft.server.dedicated.DedicatedServer]: Kyoshi_JP burned to death
[00:12:33] [Server thread/INFO] [tombstone]: The last known grave of Kyoshi_JP is at location [name:Last Grave, x:554, y:5, z:622] in the dimension -1
[00:12:33] [Server thread/INFO] [tombstone]: Kyoshi_JP has successfully been saved
[00:12:34] [Server thread/INFO] [ebwizardry]: Sending global donation perk settings to Kyoshi_JP
[00:12:42] [Server thread/INFO] [ebwizardry]: Sending global donation perk settings to Kyoshi_JP
[00:12:42] [Server thread/INFO] [ebwizardry]: Synchronising spell emitters for Kyoshi_JP
